0 info it worked if it ends with ok
1 verbose cli [ '/Users/lukebrenton/.nvm/v0.10.33/bin/node',
1 verbose cli   '/Users/lukebrenton/.nvm/v0.10.33/bin/npm',
1 verbose cli   'login' ]
2 info using npm@1.4.28
3 info using node@v0.10.33
4 warn Username may not contain non-url-safe chars
5 error Error: canceled
5 error     at Interface.<anonymous> (/Users/lukebrenton/.nvm/v0.10.33/lib/node_modules/npm/node_modules/read/lib/read.js:66:13)
5 error     at Interface.emit (events.js:92:17)
5 error     at Interface._ttyWrite (readline.js:620:16)
5 error     at ReadStream.onkeypress (readline.js:99:10)
5 error     at ReadStream.emit (events.js:98:17)
5 error     at emitKey (readline.js:1095:12)
5 error     at ReadStream.onData (readline.js:840:14)
5 error     at ReadStream.emit (events.js:95:17)
5 error     at ReadStream.<anonymous> (_stream_readable.js:764:14)
5 error     at ReadStream.emit (events.js:92:17)
6 error If you need help, you may report this *entire* log,
6 error including the npm and node versions, at:
6 error     <http://github.com/npm/npm/issues>
7 error System Darwin 14.0.0
8 error command "/Users/lukebrenton/.nvm/v0.10.33/bin/node" "/Users/lukebrenton/.nvm/v0.10.33/bin/npm" "login"
9 error cwd /Users/lukebrenton/Documents/Development/ember-cli-medium-editor
10 error node -v v0.10.33
11 error npm -v 1.4.28
12 verbose exit [ 1, true ]
